

line 0: sourcing "/opt/nvim-linux64/share/nvim/runtime/filetype.lua"
not found in runtime path: "ftdetect/*.vim"
not found in runtime path: "ftdetect/*.lua"
finished sourcing /opt/nvim-linux64/share/nvim/runtime/filetype.lua
continuing in nvim_exec2() called at /home/mahesh/dotfiles/neovim/.config/nvim/init.lua:0
line 0: sourcing "/home/mahesh/.local/share/nvim/lazy/nvim-treesitter/plugin/nvim-treesitter.lua"
finished sourcing /home/mahesh/.local/share/nvim/lazy/nvim-treesitter/plugin/nvim-treesitter.lua
continuing in nvim_exec2() called at /home/mahesh/dotfiles/neovim/.config/nvim/init.lua:0
line 0: sourcing "/home/mahesh/.local/share/nvim/lazy/plenary.nvim/plugin/plenary.vim"
finished sourcing /home/mahesh/.local/share/nvim/lazy/plenary.nvim/plugin/plenary.vim
continuing in nvim_exec2() called at /home/mahesh/dotfiles/neovim/.config/nvim/init.lua:0
line 0: sourcing "/home/mahesh/.local/share/nvim/lazy/telescope.nvim/plugin/telescope.lua"
finished sourcing /home/mahesh/.local/share/nvim/lazy/telescope.nvim/plugin/telescope.lua
continuing in nvim_exec2() called at /home/mahesh/dotfiles/neovim/.config/nvim/init.lua:0
line 0: sourcing "/home/mahesh/.local/share/nvim/lazy/playground/plugin/nvim-treesitter-playground.lua"
finished sourcing /home/mahesh/.local/share/nvim/lazy/playground/plugin/nvim-treesitter-playground.lua
continuing in nvim_exec2() called at /home/mahesh/dotfiles/neovim/.config/nvim/init.lua:0
line 0: sourcing "/home/mahesh/.local/share/nvim/lazy/vim-fugitive/plugin/fugitive.vim"
finished sourcing /home/mahesh/.local/share/nvim/lazy/vim-fugitive/plugin/fugitive.vim
continuing in nvim_exec2() called at /home/mahesh/dotfiles/neovim/.config/nvim/init.lua:0
line 0: sourcing "/home/mahesh/.local/share/nvim/lazy/vim-fugitive/ftdetect/fugitive.vim"
finished sourcing /home/mahesh/.local/share/nvim/lazy/vim-fugitive/ftdetect/fugitive.vim
continuing in nvim_exec2() called at /home/mahesh/dotfiles/neovim/.config/nvim/init.lua:0
not found in runtime path: "colors/rose-pine.vim"
line 0: sourcing "/home/mahesh/.local/share/nvim/lazy/rose-pine/colors/rose-pine.lua"
finished sourcing /home/mahesh/.local/share/nvim/lazy/rose-pine/colors/rose-pine.lua
continuing in nvim_exec2() called at /home/mahesh/dotfiles/neovim/.config/nvim/init.lua:0
line 0: sourcing "/opt/nvim-linux64/share/nvim/runtime/plugin/editorconfig.lua"
finished sourcing /opt/nvim-linux64/share/nvim/runtime/plugin/editorconfig.lua
continuing in nvim_exec2() called at /home/mahesh/dotfiles/neovim/.config/nvim/init.lua:0
line 0: sourcing "/opt/nvim-linux64/share/nvim/runtime/plugin/gzip.vim"
finished sourcing /opt/nvim-linux64/share/nvim/runtime/plugin/gzip.vim
continuing in nvim_exec2() called at /home/mahesh/dotfiles/neovim/.config/nvim/init.lua:0
line 0: sourcing "/opt/nvim-linux64/share/nvim/runtime/plugin/health.vim"
finished sourcing /opt/nvim-linux64/share/nvim/runtime/plugin/health.vim
continuing in nvim_exec2() called at /home/mahesh/dotfiles/neovim/.config/nvim/init.lua:0
line 0: sourcing "/opt/nvim-linux64/share/nvim/runtime/plugin/man.lua"
finished sourcing /opt/nvim-linux64/share/nvim/runtime/plugin/man.lua
continuing in nvim_exec2() called at /home/mahesh/dotfiles/neovim/.config/nvim/init.lua:0
line 0: sourcing "/opt/nvim-linux64/share/nvim/runtime/plugin/matchit.vim"
not found in 'packpath': "pack/*/start/matchit"
line 3: sourcing "/opt/nvim-linux64/share/nvim/runtime/pack/dist/opt/matchit/plugin/matchit.vim"
finished sourcing /opt/nvim-linux64/share/nvim/runtime/pack/dist/opt/matchit/plugin/matchit.vim
continuing in /opt/nvim-linux64/share/nvim/runtime/plugin/matchit.vim
finished sourcing /opt/nvim-linux64/share/nvim/runtime/plugin/matchit.vim
continuing in nvim_exec2() called at /home/mahesh/dotfiles/neovim/.config/nvim/init.lua:0
line 0: sourcing "/opt/nvim-linux64/share/nvim/runtime/plugin/matchparen.vim"
finished sourcing /opt/nvim-linux64/share/nvim/runtime/plugin/matchparen.vim
continuing in nvim_exec2() called at /home/mahesh/dotfiles/neovim/.config/nvim/init.lua:0
line 0: sourcing "/opt/nvim-linux64/share/nvim/runtime/plugin/netrwPlugin.vim"
finished sourcing /opt/nvim-linux64/share/nvim/runtime/plugin/netrwPlugin.vim
continuing in nvim_exec2() called at /home/mahesh/dotfiles/neovim/.config/nvim/init.lua:0
line 0: sourcing "/opt/nvim-linux64/share/nvim/runtime/plugin/nvim.lua"
finished sourcing /opt/nvim-linux64/share/nvim/runtime/plugin/nvim.lua
continuing in nvim_exec2() called at /home/mahesh/dotfiles/neovim/.config/nvim/init.lua:0
line 0: sourcing "/opt/nvim-linux64/share/nvim/runtime/plugin/rplugin.vim"
finished sourcing /opt/nvim-linux64/share/nvim/runtime/plugin/rplugin.vim
continuing in nvim_exec2() called at /home/mahesh/dotfiles/neovim/.config/nvim/init.lua:0
line 0: sourcing "/opt/nvim-linux64/share/nvim/runtime/plugin/shada.vim"
finished sourcing /opt/nvim-linux64/share/nvim/runtime/plugin/shada.vim
continuing in nvim_exec2() called at /home/mahesh/dotfiles/neovim/.config/nvim/init.lua:0
line 0: sourcing "/opt/nvim-linux64/share/nvim/runtime/plugin/spellfile.vim"
finished sourcing /opt/nvim-linux64/share/nvim/runtime/plugin/spellfile.vim
continuing in nvim_exec2() called at /home/mahesh/dotfiles/neovim/.config/nvim/init.lua:0
line 0: sourcing "/opt/nvim-linux64/share/nvim/runtime/plugin/tarPlugin.vim"
finished sourcing /opt/nvim-linux64/share/nvim/runtime/plugin/tarPlugin.vim
continuing in nvim_exec2() called at /home/mahesh/dotfiles/neovim/.config/nvim/init.lua:0
line 0: sourcing "/opt/nvim-linux64/share/nvim/runtime/plugin/tohtml.vim"
finished sourcing /opt/nvim-linux64/share/nvim/runtime/plugin/tohtml.vim
continuing in nvim_exec2() called at /home/mahesh/dotfiles/neovim/.config/nvim/init.lua:0
line 0: sourcing "/opt/nvim-linux64/share/nvim/runtime/plugin/tutor.vim"
finished sourcing /opt/nvim-linux64/share/nvim/runtime/plugin/tutor.vim
continuing in nvim_exec2() called at /home/mahesh/dotfiles/neovim/.config/nvim/init.lua:0
line 0: sourcing "/opt/nvim-linux64/share/nvim/runtime/plugin/zipPlugin.vim"
finished sourcing /opt/nvim-linux64/share/nvim/runtime/plugin/zipPlugin.vim
continuing in nvim_exec2() called at /home/mahesh/dotfiles/neovim/.config/nvim/init.lua:0
line 0: sourcing "/home/mahesh/.local/share/nvim/lazy/indent-blankline.nvim/after/plugin/commands.lua"
finished sourcing /home/mahesh/.local/share/nvim/lazy/indent-blankline.nvim/after/plugin/commands.lua
continuing in nvim_exec2() called at /home/mahesh/dotfiles/neovim/.config/nvim/init.lua:0
finished sourcing /home/mahesh/.config/nvim/init.lua
sourcing "/opt/nvim-linux64/share/nvim/runtime/filetype.lua"
finished sourcing /opt/nvim-linux64/share/nvim/runtime/filetype.lua
sourcing "/opt/nvim-linux64/share/nvim/runtime/syntax/syntax.vim"
line 19: sourcing "/opt/nvim-linux64/share/nvim/runtime/syntax/synload.vim"
finished sourcing /opt/nvim-linux64/share/nvim/runtime/syntax/synload.vim
continuing in /opt/nvim-linux64/share/nvim/runtime/syntax/syntax.vim
finished sourcing /opt/nvim-linux64/share/nvim/runtime/syntax/syntax.vim
Reading ShaDa file "/home/mahesh/.local/state/nvim/shada/main.shada" info marks oldfiles
line 0: sourcing "/home/mahesh/.local/share/nvim/sessions/%home%mahesh%dotfiles.vim"
Already only one tab page
line 0: sourcing "/home/mahesh/.local/share/nvim/lazy/cmp-nvim-lsp/after/plugin/cmp_nvim_lsp.lua"
finished sourcing /home/mahesh/.local/share/nvim/lazy/cmp-nvim-lsp/after/plugin/cmp_nvim_lsp.lua
continuing in nvim_exec2() called at BufReadPre Autocommands for "*":0
line 0: sourcing "/home/mahesh/.local/share/nvim/lazy/nvim-lspconfig/plugin/lspconfig.lua"
finished sourcing /home/mahesh/.local/share/nvim/lazy/nvim-lspconfig/plugin/lspconfig.lua
continuing in nvim_exec2() called at BufReadPre Autocommands for "*":0
line 0: sourcing "/home/mahesh/.local/share/nvim/lazy/lsp-zero.nvim/plugin/lsp-zero.lua"
finished sourcing /home/mahesh/.local/share/nvim/lazy/lsp-zero.nvim/plugin/lsp-zero.lua
continuing in nvim_exec2() called at BufReadPre Autocommands for "*":0
"neovim/.config/nvim/lua/mahesh/core/keymaps/mark.lua" 16L, 1044B
Reading ShaDa file "/home/mahesh/.local/state/nvim/shada/main.shada" marks
line 19: sourcing "/opt/nvim-linux64/share/nvim/runtime/ftplugin/lua.vim"
finished sourcing /opt/nvim-linux64/share/nvim/runtime/ftplugin/lua.vim
continuing in <SNR>1_LoadFTPlugin
line 14: sourcing "/opt/nvim-linux64/share/nvim/runtime/indent/lua.vim"
finished sourcing /opt/nvim-linux64/share/nvim/runtime/indent/lua.vim
continuing in <SNR>2_LoadIndent
not found in runtime path: "indent/lua.lua"
not found in runtime path: "parser/comment.*"
line 51: sourcing "/opt/nvim-linux64/share/nvim/runtime/autoload/provider/clipboard.vim"
finished sourcing /opt/nvim-linux64/share/nvim/runtime/autoload/provider/clipboard.vim
continuing in /home/mahesh/.local/share/nvim/sessions/%home%mahesh%dotfiles.vim
finished sourcing /home/mahesh/.local/share/nvim/sessions/%home%mahesh%dotfiles.vim
continuing in nvim_exec2() called at VimEnter Autocommands for "*":0
line 0: sourcing "/home/mahesh/.local/share/nvim/lazy/LuaSnip/plugin/luasnip.lua"
finished sourcing /home/mahesh/.local/share/nvim/lazy/LuaSnip/plugin/luasnip.lua
continuing in nvim_exec2() called at InsertEnter Autocommands for "*":0
line 0: sourcing "/home/mahesh/.local/share/nvim/lazy/LuaSnip/plugin/luasnip.vim"
finished sourcing /home/mahesh/.local/share/nvim/lazy/LuaSnip/plugin/luasnip.vim
continuing in nvim_exec2() called at InsertEnter Autocommands for "*":0
line 0: sourcing "/home/mahesh/.local/share/nvim/lazy/nvim-cmp/plugin/cmp.lua"
finished sourcing /home/mahesh/.local/share/nvim/lazy/nvim-cmp/plugin/cmp.lua
continuing in nvim_exec2() called at InsertEnter Autocommands for "*":0-- INSERT --

not found in runtime path: "parser/comment.*"
not found in runtime path: "ftplugin/cmp_menu.vim ftplugin/cmp_menu.lua ftplugin/cmp_menu_*.vim ftplugin/cmp_menu_*.lua ftplugin/cmp_menu/*.vim ftplugin/cmp_menu/*.lua"
not found in runtime path: "indent/cmp_menu.vim"
not found in runtime path: "indent/cmp_menu.lua"
not found in runtime path: "parser/cmp_menu.*"
not found in runtime path: "parser/comment.*"-- INSERT --
-- INSERT --

not found in runtime path: "parser/comment.*"-- INSERT --
not found in runtime path: "parser/comment.*"
-- VISUAL --
not found in runtime path: "parser/comment.*"-- INSERT --

not found in runtime path: "parser/comment.*"
not found in runtime path: "parser/comment.*"-- INSERT --
not found in runtime path: "parser/comment.*"-- INSERT --
not found in runtime path: "parser/comment.*"-- INSERT --
not found in runtime path: "parser/comment.*"
not found in runtime path: "parser/comment.*"
not found in runtime path: "parser/comment.*"
not found in runtime path: "parser/comment.*"-- INSERT --
not found in runtime path: "parser/comment.*"
not found in runtime path: "parser/comment.*"
not found in runtime path: "parser/comment.*"
not found in runtime path: "parser/comment.*"
not found in runtime path: "parser/comment.*"
not found in runtime path: "parser/comment.*"
not found in runtime path: "parser/comment.*"
not found in runtime path: "parser/comment.*"
not found in runtime path: "parser/comment.*"
not found in runtime path: "parser/comment.*"
not found in runtime path: "parser/comment.*"
not found in runtime path: "parser/comment.*"
not found in runtime path: "parser/comment.*"
not found in runtime path: "parser/comment.*"
not found in runtime path: "parser/comment.*"
not found in runtime path: "parser/comment.*"
not found in runtime path: "parser/comment.*"
not found in runtime path: "parser/comment.*"

-- INSERT --
not found in runtime path: "parser/comment.*"
not found in runtime path: "parser/comment.*"
not found in runtime path: "parser/comment.*"
not found in runtime path: "parser/comment.*"
not found in runtime path: "parser/comment.*"
not found in runtime path: "parser/comment.*"
not found in runtime path: "parser/comment.*"
not found in runtime path: "parser/comment.*"-- INSERT --
not found in runtime path: "parser/comment.*"
not found in runtime path: "parser/comment.*"
not found in runtime path: "parser/comment.*"
not found in runtime path: "parser/comment.*"
not found in runtime path: "parser/comment.*"-- INSERT --
not found in runtime path: "parser/comment.*"
not found in runtime path: "parser/comment.*"
not found in runtime path: "parser/comment.*"
not found in runtime path: "parser/comment.*"
not found in runtime path: "parser/comment.*"
not found in runtime path: "parser/comment.*"
not found in runtime path: "parser/comment.*"
not found in runtime path: "parser/comment.*"
not found in runtime path: "parser/comment.*"-- INSERT --
not found in runtime path: "parser/comment.*"-- INSERT --
not found in runtime path: "parser/comment.*"-- INSERT --
not found in runtime path: "parser/comment.*"
not found in runtime path: "parser/comment.*"-- INSERT --
not found in runtime path: "parser/comment.*"
not found in runtime path: "parser/comment.*"
not found in runtime path: "parser/comment.*"
not found in runtime path: "parser/comment.*"
not found in runtime path: "parser/comment.*"


"neovim/.config/nvim/lua/mahesh/core/keymaps/mark.lua" 
"neovim/.config/nvim/lua/mahesh/core/keymaps/mark.lua" 16L, 1053B written
Writing ShaDa file "/home/mahesh/.local/state/nvim/shada/main.shada"